2026-03-23T02:02:28  INFO      ============================================================
2026-03-23T02:02:28  INFO      filter_ip.py — Open Australian Legal Corpus IP filter
2026-03-23T02:02:28  INFO      Started at 2026-03-23T02:02:28.638287+00:00
2026-03-23T02:02:28  INFO      dry_run=False  resume=False
2026-03-23T02:02:30  INFO      Loading corpus stream (this may take a moment)…
2026-03-23T02:03:24  INFO      Progress: 5,000 streamed | 207 matched | 94 docs/sec
2026-03-23T02:04:18  INFO      Progress: 10,000 streamed | 410 matched | 93 docs/sec
2026-03-23T02:05:13  INFO      Progress: 15,000 streamed | 651 matched | 92 docs/sec
2026-03-23T02:06:05  INFO      Progress: 20,000 streamed | 841 matched | 93 docs/sec
2026-03-23T02:06:55  INFO      Progress: 25,000 streamed | 1,013 matched | 94 docs/sec
2026-03-23T02:07:45  INFO      Progress: 30,000 streamed | 1,204 matched | 95 docs/sec
2026-03-23T02:08:37  INFO      Progress: 35,000 streamed | 1,444 matched | 95 docs/sec
2026-03-23T02:09:29  INFO      Progress: 40,000 streamed | 1,662 matched | 95 docs/sec
2026-03-23T02:10:21  INFO      Progress: 45,000 streamed | 1,834 matched | 96 docs/sec
2026-03-23T02:11:12  INFO      Progress: 50,000 streamed | 2,010 matched | 96 docs/sec
2026-03-23T02:12:04  INFO      Progress: 55,000 streamed | 2,193 matched | 96 docs/sec
2026-03-23T02:12:55  INFO      Progress: 60,000 streamed | 2,392 matched | 96 docs/sec
2026-03-23T02:13:47  INFO      Progress: 65,000 streamed | 2,596 matched | 96 docs/sec
2026-03-23T02:14:38  INFO      Progress: 70,000 streamed | 2,805 matched | 96 docs/sec
2026-03-23T02:15:31  INFO      Progress: 75,000 streamed | 2,979 matched | 96 docs/sec
2026-03-23T02:16:22  INFO      Progress: 80,000 streamed | 3,181 matched | 96 docs/sec
2026-03-23T02:17:14  INFO      Progress: 85,000 streamed | 3,436 matched | 96 docs/sec
2026-03-23T02:18:05  INFO      Progress: 90,000 streamed | 3,584 matched | 96 docs/sec
2026-03-23T02:18:57  INFO      Progress: 95,000 streamed | 3,678 matched | 96 docs/sec
2026-03-23T02:19:50  INFO      Progress: 100,000 streamed | 3,776 matched | 96 docs/sec
2026-03-23T02:20:41  INFO      Progress: 105,000 streamed | 3,945 matched | 96 docs/sec
2026-03-23T02:21:32  INFO      Progress: 110,000 streamed | 4,170 matched | 96 docs/sec
2026-03-23T02:22:23  INFO      Progress: 115,000 streamed | 4,326 matched | 96 docs/sec
2026-03-23T02:23:13  INFO      Progress: 120,000 streamed | 4,515 matched | 97 docs/sec
2026-03-23T02:24:06  INFO      Progress: 125,000 streamed | 4,691 matched | 96 docs/sec
2026-03-23T02:24:56  INFO      Progress: 130,000 streamed | 4,892 matched | 97 docs/sec
2026-03-23T02:25:47  INFO      Progress: 135,000 streamed | 5,072 matched | 97 docs/sec
2026-03-23T02:26:38  INFO      Progress: 140,000 streamed | 5,250 matched | 97 docs/sec
2026-03-23T02:27:31  INFO      Progress: 145,000 streamed | 5,436 matched | 97 docs/sec
2026-03-23T02:28:24  INFO      Progress: 150,000 streamed | 5,604 matched | 97 docs/sec
2026-03-23T02:29:15  INFO      Progress: 155,000 streamed | 5,801 matched | 97 docs/sec
2026-03-23T02:30:07  INFO      Progress: 160,000 streamed | 5,980 matched | 97 docs/sec
2026-03-23T02:30:57  INFO      Progress: 165,000 streamed | 6,155 matched | 97 docs/sec
2026-03-23T02:31:47  INFO      Progress: 170,000 streamed | 6,319 matched | 97 docs/sec
2026-03-23T02:32:37  INFO      Progress: 175,000 streamed | 6,492 matched | 97 docs/sec
2026-03-23T02:33:27  INFO      Progress: 180,000 streamed | 6,673 matched | 97 docs/sec
2026-03-23T02:34:13  INFO      Progress: 185,000 streamed | 7,023 matched | 97 docs/sec
2026-03-23T02:34:44  INFO      Progress: 190,000 streamed | 7,230 matched | 98 docs/sec
2026-03-23T02:35:22  INFO      Progress: 195,000 streamed | 7,399 matched | 99 docs/sec
2026-03-23T02:35:44  INFO      Progress: 200,000 streamed | 7,558 matched | 100 docs/sec
2026-03-23T02:36:07  INFO      Progress: 205,000 streamed | 7,714 matched | 102 docs/sec
2026-03-23T02:36:26  INFO      Progress: 210,000 streamed | 7,893 matched | 103 docs/sec
2026-03-23T02:36:48  INFO      Progress: 215,000 streamed | 8,071 matched | 104 docs/sec
2026-03-23T02:37:07  INFO      Progress: 220,000 streamed | 8,218 matched | 106 docs/sec
2026-03-23T02:37:47  INFO      Progress: 225,000 streamed | 8,502 matched | 106 docs/sec
2026-03-23T02:39:24  INFO      Progress: 230,000 streamed | 8,773 matched | 104 docs/sec
2026-03-23T02:40:18  INFO      ============================================================
2026-03-23T02:40:18  INFO      COMPLETE
2026-03-23T02:40:18  INFO        Documents streamed (total):   232,560
2026-03-23T02:40:18  INFO        Documents fast-forwarded:     0
2026-03-23T02:40:18  INFO        Documents evaluated:          232,560
2026-03-23T02:40:18  INFO        IP documents matched:         8,900  (3.83%)
2026-03-23T02:40:18  INFO        Match reasons breakdown:
2026-03-23T02:40:18  INFO          body_concept              4,520
2026-03-23T02:40:18  INFO          body_act                  4,154
2026-03-23T02:40:18  INFO          metadata_act              226
2026-03-23T02:40:18  INFO        Wall time:                    37.8 min
2026-03-23T02:40:18  INFO        Output file:                  output/ip_docs.jsonl  (593.6 MB)
2026-03-23T02:40:18  INFO        Stats written to:             output/filter_stats.json
2026-03-23T02:40:18  INFO      ============================================================
2026-04-05T04:39:30  INFO      ============================================================
2026-04-05T04:39:30  INFO      filter_ip.py — Open Australian Legal Corpus IP filter
2026-04-05T04:39:30  INFO      Started at 2026-04-05T04:39:30.002702+00:00
2026-04-05T04:39:30  INFO      dry_run=False  resume=False
2026-04-05T04:39:31  INFO      Loading corpus stream (this may take a moment)…
2026-04-05T04:40:34  INFO      Progress: 5,000 streamed | 207 matched | 79 docs/sec
2026-04-05T04:41:37  INFO      Progress: 10,000 streamed | 410 matched | 80 docs/sec
2026-04-05T04:42:42  INFO      Progress: 15,000 streamed | 651 matched | 79 docs/sec
2026-04-05T04:43:43  INFO      Progress: 20,000 streamed | 841 matched | 80 docs/sec
2026-04-05T04:44:40  INFO      Progress: 25,000 streamed | 1,013 matched | 81 docs/sec
2026-04-05T04:45:39  INFO      Progress: 30,000 streamed | 1,204 matched | 82 docs/sec
2026-04-05T04:46:39  INFO      Progress: 35,000 streamed | 1,444 matched | 82 docs/sec
2026-04-05T04:47:39  INFO      Progress: 40,000 streamed | 1,662 matched | 82 docs/sec
2026-04-05T04:48:39  INFO      Progress: 45,000 streamed | 1,834 matched | 82 docs/sec
2026-04-05T04:49:38  INFO      Progress: 50,000 streamed | 2,010 matched | 82 docs/sec
2026-04-05T04:50:39  INFO      Progress: 55,000 streamed | 2,193 matched | 82 docs/sec
2026-04-05T04:51:38  INFO      Progress: 60,000 streamed | 2,392 matched | 83 docs/sec
2026-04-05T04:52:39  INFO      Progress: 65,000 streamed | 2,596 matched | 83 docs/sec
2026-04-05T04:53:38  INFO      Progress: 70,000 streamed | 2,805 matched | 83 docs/sec
2026-04-05T04:54:38  INFO      Progress: 75,000 streamed | 2,979 matched | 83 docs/sec
2026-04-05T04:55:38  INFO      Progress: 80,000 streamed | 3,181 matched | 83 docs/sec
2026-04-05T04:56:38  INFO      Progress: 85,000 streamed | 3,436 matched | 83 docs/sec
2026-04-05T04:57:37  INFO      Progress: 90,000 streamed | 3,584 matched | 83 docs/sec
2026-04-05T04:58:38  INFO      Progress: 95,000 streamed | 3,678 matched | 83 docs/sec
2026-04-05T04:59:40  INFO      Progress: 100,000 streamed | 3,776 matched | 83 docs/sec
2026-04-05T05:00:39  INFO      Progress: 105,000 streamed | 3,945 matched | 83 docs/sec
2026-04-05T05:01:39  INFO      Progress: 110,000 streamed | 4,170 matched | 83 docs/sec
2026-04-05T05:02:38  INFO      Progress: 115,000 streamed | 4,326 matched | 83 docs/sec
2026-04-05T05:03:36  INFO      Progress: 120,000 streamed | 4,515 matched | 83 docs/sec
2026-04-05T05:04:37  INFO      Progress: 125,000 streamed | 4,691 matched | 83 docs/sec
2026-04-05T05:05:36  INFO      Progress: 130,000 streamed | 4,892 matched | 83 docs/sec
2026-04-05T05:06:35  INFO      Progress: 135,000 streamed | 5,072 matched | 83 docs/sec
2026-04-05T05:07:35  INFO      Progress: 140,000 streamed | 5,250 matched | 83 docs/sec
2026-04-05T05:08:36  INFO      Progress: 145,000 streamed | 5,436 matched | 83 docs/sec
2026-04-05T05:09:37  INFO      Progress: 150,000 streamed | 5,604 matched | 83 docs/sec
2026-04-05T05:10:37  INFO      Progress: 155,000 streamed | 5,801 matched | 83 docs/sec
2026-04-05T05:11:37  INFO      Progress: 160,000 streamed | 5,980 matched | 83 docs/sec
2026-04-05T05:12:35  INFO      Progress: 165,000 streamed | 6,155 matched | 83 docs/sec
2026-04-05T05:13:33  INFO      Progress: 170,000 streamed | 6,319 matched | 83 docs/sec
2026-04-05T05:14:32  INFO      Progress: 175,000 streamed | 6,492 matched | 83 docs/sec
2026-04-05T05:15:30  INFO      Progress: 180,000 streamed | 6,673 matched | 83 docs/sec
2026-04-05T05:16:23  INFO      Progress: 185,000 streamed | 7,023 matched | 84 docs/sec
2026-04-05T05:16:59  INFO      Progress: 190,000 streamed | 7,230 matched | 85 docs/sec
2026-04-05T05:17:44  INFO      Progress: 195,000 streamed | 7,399 matched | 85 docs/sec
2026-04-05T05:18:09  INFO      Progress: 200,000 streamed | 7,558 matched | 86 docs/sec
2026-04-05T05:18:35  INFO      Progress: 205,000 streamed | 7,714 matched | 87 docs/sec
2026-04-05T05:18:58  INFO      Progress: 210,000 streamed | 7,893 matched | 89 docs/sec
2026-04-05T05:19:22  INFO      Progress: 215,000 streamed | 8,071 matched | 90 docs/sec
2026-04-05T05:19:45  INFO      Progress: 220,000 streamed | 8,218 matched | 91 docs/sec
2026-04-05T05:20:31  INFO      Progress: 225,000 streamed | 8,502 matched | 91 docs/sec
2026-04-05T05:22:26  INFO      Progress: 230,000 streamed | 8,773 matched | 89 docs/sec
2026-04-05T05:23:29  INFO      ============================================================
2026-04-05T05:23:29  INFO      COMPLETE
2026-04-05T05:23:29  INFO        Documents streamed (total):   232,560
2026-04-05T05:23:29  INFO        Documents fast-forwarded:     0
2026-04-05T05:23:29  INFO        Documents evaluated:          232,560
2026-04-05T05:23:29  INFO        IP documents matched:         8,900  (3.83%)
2026-04-05T05:23:29  INFO        Match reasons breakdown:
2026-04-05T05:23:29  INFO          body_concept              4,520
2026-04-05T05:23:29  INFO          body_act                  4,154
2026-04-05T05:23:29  INFO          metadata_act              226
2026-04-05T05:23:29  INFO        Wall time:                    44.0 min
2026-04-05T05:23:29  INFO        Output file:                  output/ip_docs.jsonl  (593.6 MB)
2026-04-05T05:23:29  INFO        Stats written to:             output/filter_stats.json
2026-04-05T05:23:29  INFO      ============================================================
2026-04-12T04:48:49  INFO      ============================================================
2026-04-12T04:48:49  INFO      filter_ip.py — Open Australian Legal Corpus IP filter
2026-04-12T04:48:49  INFO      Started at 2026-04-12T04:48:49.937712+00:00
2026-04-12T04:48:49  INFO      dry_run=False  resume=False
2026-04-12T04:48:51  INFO      Loading corpus stream (this may take a moment)…
2026-04-12T04:49:56  INFO      Progress: 5,000 streamed | 207 matched | 79 docs/sec
2026-04-12T04:51:00  INFO      Progress: 10,000 streamed | 410 matched | 78 docs/sec
2026-04-12T04:52:06  INFO      Progress: 15,000 streamed | 651 matched | 78 docs/sec
2026-04-12T04:53:07  INFO      Progress: 20,000 streamed | 841 matched | 78 docs/sec
2026-04-12T04:54:05  INFO      Progress: 25,000 streamed | 1,013 matched | 80 docs/sec
2026-04-12T04:55:05  INFO      Progress: 30,000 streamed | 1,204 matched | 81 docs/sec
2026-04-12T04:56:07  INFO      Progress: 35,000 streamed | 1,444 matched | 81 docs/sec
2026-04-12T04:57:08  INFO      Progress: 40,000 streamed | 1,662 matched | 81 docs/sec
2026-04-12T04:58:08  INFO      Progress: 45,000 streamed | 1,834 matched | 81 docs/sec
2026-04-12T04:59:08  INFO      Progress: 50,000 streamed | 2,010 matched | 81 docs/sec
2026-04-12T05:00:10  INFO      Progress: 55,000 streamed | 2,193 matched | 81 docs/sec
2026-04-12T05:01:10  INFO      Progress: 60,000 streamed | 2,392 matched | 81 docs/sec
2026-04-12T05:02:11  INFO      Progress: 65,000 streamed | 2,596 matched | 81 docs/sec
2026-04-12T05:03:10  INFO      Progress: 70,000 streamed | 2,805 matched | 82 docs/sec
2026-04-12T05:04:11  INFO      Progress: 75,000 streamed | 2,979 matched | 82 docs/sec
2026-04-12T05:05:12  INFO      Progress: 80,000 streamed | 3,181 matched | 82 docs/sec
2026-04-12T05:06:12  INFO      Progress: 85,000 streamed | 3,436 matched | 82 docs/sec
2026-04-12T05:07:13  INFO      Progress: 90,000 streamed | 3,584 matched | 82 docs/sec
2026-04-12T05:08:15  INFO      Progress: 95,000 streamed | 3,678 matched | 82 docs/sec
2026-04-12T05:09:16  INFO      Progress: 100,000 streamed | 3,776 matched | 82 docs/sec
2026-04-12T05:10:18  INFO      Progress: 105,000 streamed | 3,945 matched | 82 docs/sec
2026-04-12T05:11:18  INFO      Progress: 110,000 streamed | 4,170 matched | 82 docs/sec
2026-04-12T05:12:18  INFO      Progress: 115,000 streamed | 4,326 matched | 82 docs/sec
2026-04-12T05:13:17  INFO      Progress: 120,000 streamed | 4,515 matched | 82 docs/sec
2026-04-12T05:14:19  INFO      Progress: 125,000 streamed | 4,691 matched | 82 docs/sec
2026-04-12T05:15:18  INFO      Progress: 130,000 streamed | 4,892 matched | 82 docs/sec
2026-04-12T05:16:18  INFO      Progress: 135,000 streamed | 5,072 matched | 82 docs/sec
2026-04-12T05:17:18  INFO      Progress: 140,000 streamed | 5,250 matched | 82 docs/sec
2026-04-12T05:18:20  INFO      Progress: 145,000 streamed | 5,436 matched | 82 docs/sec
2026-04-12T05:19:20  INFO      Progress: 150,000 streamed | 5,604 matched | 82 docs/sec
2026-04-12T05:20:20  INFO      Progress: 155,000 streamed | 5,801 matched | 82 docs/sec
2026-04-12T05:21:19  INFO      Progress: 160,000 streamed | 5,980 matched | 82 docs/sec
2026-04-12T05:22:16  INFO      Progress: 165,000 streamed | 6,155 matched | 82 docs/sec
2026-04-12T05:23:14  INFO      Progress: 170,000 streamed | 6,319 matched | 82 docs/sec
2026-04-12T05:24:12  INFO      Progress: 175,000 streamed | 6,492 matched | 83 docs/sec
2026-04-12T05:25:10  INFO      Progress: 180,000 streamed | 6,673 matched | 83 docs/sec
2026-04-12T05:26:03  INFO      Progress: 185,000 streamed | 7,023 matched | 83 docs/sec
2026-04-12T05:26:38  INFO      Progress: 190,000 streamed | 7,230 matched | 84 docs/sec
2026-04-12T05:27:22  INFO      Progress: 195,000 streamed | 7,399 matched | 84 docs/sec
2026-04-12T05:27:47  INFO      Progress: 200,000 streamed | 7,558 matched | 86 docs/sec
2026-04-12T05:28:13  INFO      Progress: 205,000 streamed | 7,714 matched | 87 docs/sec
2026-04-12T05:28:35  INFO      Progress: 210,000 streamed | 7,893 matched | 88 docs/sec
2026-04-12T05:29:00  INFO      Progress: 215,000 streamed | 8,071 matched | 89 docs/sec
2026-04-12T05:29:22  INFO      Progress: 220,000 streamed | 8,218 matched | 91 docs/sec
2026-04-12T05:30:07  INFO      Progress: 225,000 streamed | 8,502 matched | 91 docs/sec
2026-04-12T05:32:02  INFO      Progress: 230,000 streamed | 8,773 matched | 89 docs/sec
2026-04-12T05:33:05  INFO      ============================================================
2026-04-12T05:33:05  INFO      COMPLETE
2026-04-12T05:33:05  INFO        Documents streamed (total):   232,560
2026-04-12T05:33:05  INFO        Documents fast-forwarded:     0
2026-04-12T05:33:05  INFO        Documents evaluated:          232,560
2026-04-12T05:33:05  INFO        IP documents matched:         8,900  (3.83%)
2026-04-12T05:33:05  INFO        Match reasons breakdown:
2026-04-12T05:33:05  INFO          body_concept              4,520
2026-04-12T05:33:05  INFO          body_act                  4,154
2026-04-12T05:33:05  INFO          metadata_act              226
2026-04-12T05:33:05  INFO        Wall time:                    44.2 min
2026-04-12T05:33:05  INFO        Output file:                  output/ip_docs.jsonl  (593.6 MB)
2026-04-12T05:33:05  INFO        Stats written to:             output/filter_stats.json
2026-04-12T05:33:05  INFO      ============================================================
2026-04-19T04:52:43  INFO      ============================================================
2026-04-19T04:52:43  INFO      filter_ip.py — Open Australian Legal Corpus IP filter
2026-04-19T04:52:43  INFO      Started at 2026-04-19T04:52:43.094130+00:00
2026-04-19T04:52:43  INFO      dry_run=False  resume=False
2026-04-19T04:52:44  INFO      Loading corpus stream (this may take a moment)…
2026-04-19T04:53:45  INFO      Progress: 5,000 streamed | 207 matched | 83 docs/sec
2026-04-19T04:54:48  INFO      Progress: 10,000 streamed | 410 matched | 81 docs/sec
2026-04-19T04:55:51  INFO      Progress: 15,000 streamed | 651 matched | 81 docs/sec
2026-04-19T04:56:51  INFO      Progress: 20,000 streamed | 841 matched | 81 docs/sec
2026-04-19T04:57:46  INFO      Progress: 25,000 streamed | 1,013 matched | 83 docs/sec
2026-04-19T04:58:43  INFO      Progress: 30,000 streamed | 1,204 matched | 84 docs/sec
2026-04-19T04:59:42  INFO      Progress: 35,000 streamed | 1,444 matched | 84 docs/sec
2026-04-19T05:00:41  INFO      Progress: 40,000 streamed | 1,662 matched | 84 docs/sec
2026-04-19T05:01:39  INFO      Progress: 45,000 streamed | 1,834 matched | 84 docs/sec
2026-04-19T05:02:37  INFO      Progress: 50,000 streamed | 2,010 matched | 84 docs/sec
2026-04-19T05:03:37  INFO      Progress: 55,000 streamed | 2,193 matched | 84 docs/sec
2026-04-19T05:04:34  INFO      Progress: 60,000 streamed | 2,392 matched | 85 docs/sec
2026-04-19T05:05:34  INFO      Progress: 65,000 streamed | 2,596 matched | 85 docs/sec
2026-04-19T05:06:32  INFO      Progress: 70,000 streamed | 2,805 matched | 85 docs/sec
2026-04-19T05:07:30  INFO      Progress: 75,000 streamed | 2,979 matched | 85 docs/sec
2026-04-19T05:08:30  INFO      Progress: 80,000 streamed | 3,181 matched | 85 docs/sec
2026-04-19T05:09:30  INFO      Progress: 85,000 streamed | 3,436 matched | 85 docs/sec
2026-04-19T05:10:28  INFO      Progress: 90,000 streamed | 3,584 matched | 85 docs/sec
2026-04-19T05:11:27  INFO      Progress: 95,000 streamed | 3,678 matched | 85 docs/sec
2026-04-19T05:12:28  INFO      Progress: 100,000 streamed | 3,776 matched | 85 docs/sec
2026-04-19T05:13:26  INFO      Progress: 105,000 streamed | 3,945 matched | 85 docs/sec
2026-04-19T05:14:24  INFO      Progress: 110,000 streamed | 4,170 matched | 85 docs/sec
2026-04-19T05:15:22  INFO      Progress: 115,000 streamed | 4,326 matched | 85 docs/sec
2026-04-19T05:16:19  INFO      Progress: 120,000 streamed | 4,515 matched | 85 docs/sec
2026-04-19T05:17:18  INFO      Progress: 125,000 streamed | 4,691 matched | 85 docs/sec
2026-04-19T05:18:16  INFO      Progress: 130,000 streamed | 4,892 matched | 85 docs/sec
2026-04-19T05:19:14  INFO      Progress: 135,000 streamed | 5,072 matched | 85 docs/sec
2026-04-19T05:20:12  INFO      Progress: 140,000 streamed | 5,250 matched | 85 docs/sec
2026-04-19T05:21:12  INFO      Progress: 145,000 streamed | 5,436 matched | 85 docs/sec
2026-04-19T05:22:11  INFO      Progress: 150,000 streamed | 5,604 matched | 85 docs/sec
2026-04-19T05:23:09  INFO      Progress: 155,000 streamed | 5,801 matched | 85 docs/sec
2026-04-19T05:24:08  INFO      Progress: 160,000 streamed | 5,980 matched | 85 docs/sec
2026-04-19T05:25:06  INFO      Progress: 165,000 streamed | 6,155 matched | 85 docs/sec
2026-04-19T05:26:02  INFO      Progress: 170,000 streamed | 6,319 matched | 85 docs/sec
2026-04-19T05:26:58  INFO      Progress: 175,000 streamed | 6,492 matched | 85 docs/sec
2026-04-19T05:27:55  INFO      Progress: 180,000 streamed | 6,673 matched | 85 docs/sec
2026-04-19T05:28:47  INFO      Progress: 185,000 streamed | 7,023 matched | 86 docs/sec
2026-04-19T05:29:22  INFO      Progress: 190,000 streamed | 7,230 matched | 86 docs/sec
2026-04-19T05:30:06  INFO      Progress: 195,000 streamed | 7,399 matched | 87 docs/sec
2026-04-19T05:30:30  INFO      Progress: 200,000 streamed | 7,558 matched | 88 docs/sec
2026-04-19T05:30:55  INFO      Progress: 205,000 streamed | 7,714 matched | 90 docs/sec
2026-04-19T05:31:17  INFO      Progress: 210,000 streamed | 7,893 matched | 91 docs/sec
2026-04-19T05:31:41  INFO      Progress: 215,000 streamed | 8,071 matched | 92 docs/sec
2026-04-19T05:32:03  INFO      Progress: 220,000 streamed | 8,218 matched | 93 docs/sec
2026-04-19T05:32:47  INFO      Progress: 225,000 streamed | 8,502 matched | 94 docs/sec
2026-04-19T05:34:39  INFO      Progress: 230,000 streamed | 8,773 matched | 91 docs/sec
2026-04-19T05:35:40  INFO      ============================================================
2026-04-19T05:35:40  INFO      COMPLETE
2026-04-19T05:35:40  INFO        Documents streamed (total):   232,560
2026-04-19T05:35:40  INFO        Documents fast-forwarded:     0
2026-04-19T05:35:40  INFO        Documents evaluated:          232,560
2026-04-19T05:35:40  INFO        IP documents matched:         8,900  (3.83%)
2026-04-19T05:35:40  INFO        Match reasons breakdown:
2026-04-19T05:35:40  INFO          body_concept              4,520
2026-04-19T05:35:40  INFO          body_act                  4,154
2026-04-19T05:35:40  INFO          metadata_act              226
2026-04-19T05:35:40  INFO        Wall time:                    42.9 min
2026-04-19T05:35:40  INFO        Output file:                  output/ip_docs.jsonl  (593.6 MB)
2026-04-19T05:35:40  INFO        Stats written to:             output/filter_stats.json
2026-04-19T05:35:40  INFO      ============================================================
2026-04-26T05:13:30  INFO      ============================================================
2026-04-26T05:13:30  INFO      filter_ip.py — Open Australian Legal Corpus IP filter
2026-04-26T05:13:30  INFO      Started at 2026-04-26T05:13:30.260832+00:00
2026-04-26T05:13:30  INFO      dry_run=False  resume=False
2026-04-26T05:13:31  INFO      Loading corpus stream (this may take a moment)…
2026-04-26T05:14:39  INFO      Progress: 5,000 streamed | 207 matched | 75 docs/sec
2026-04-26T05:15:46  INFO      Progress: 10,000 streamed | 410 matched | 75 docs/sec
2026-04-26T05:16:54  INFO      Progress: 15,000 streamed | 651 matched | 74 docs/sec
2026-04-26T05:17:58  INFO      Progress: 20,000 streamed | 841 matched | 75 docs/sec
2026-04-26T05:18:59  INFO      Progress: 25,000 streamed | 1,013 matched | 77 docs/sec
2026-04-26T05:20:00  INFO      Progress: 30,000 streamed | 1,204 matched | 77 docs/sec
2026-04-26T05:21:05  INFO      Progress: 35,000 streamed | 1,444 matched | 77 docs/sec
2026-04-26T05:22:09  INFO      Progress: 40,000 streamed | 1,662 matched | 77 docs/sec
2026-04-26T05:23:12  INFO      Progress: 45,000 streamed | 1,834 matched | 78 docs/sec
2026-04-26T05:24:14  INFO      Progress: 50,000 streamed | 2,010 matched | 78 docs/sec
2026-04-26T05:25:19  INFO      Progress: 55,000 streamed | 2,193 matched | 78 docs/sec
2026-04-26T05:26:21  INFO      Progress: 60,000 streamed | 2,392 matched | 78 docs/sec
2026-04-26T05:27:25  INFO      Progress: 65,000 streamed | 2,596 matched | 78 docs/sec
2026-04-26T05:28:28  INFO      Progress: 70,000 streamed | 2,805 matched | 78 docs/sec
2026-04-26T05:29:31  INFO      Progress: 75,000 streamed | 2,979 matched | 78 docs/sec
2026-04-26T05:30:34  INFO      Progress: 80,000 streamed | 3,181 matched | 78 docs/sec
2026-04-26T05:31:37  INFO      Progress: 85,000 streamed | 3,436 matched | 78 docs/sec
2026-04-26T05:32:40  INFO      Progress: 90,000 streamed | 3,584 matched | 78 docs/sec
2026-04-26T05:33:44  INFO      Progress: 95,000 streamed | 3,678 matched | 78 docs/sec
2026-04-26T05:34:49  INFO      Progress: 100,000 streamed | 3,776 matched | 78 docs/sec
2026-04-26T05:35:52  INFO      Progress: 105,000 streamed | 3,945 matched | 78 docs/sec
2026-04-26T05:36:56  INFO      Progress: 110,000 streamed | 4,170 matched | 78 docs/sec
2026-04-26T05:37:58  INFO      Progress: 115,000 streamed | 4,326 matched | 78 docs/sec
2026-04-26T05:39:00  INFO      Progress: 120,000 streamed | 4,515 matched | 79 docs/sec
2026-04-26T05:40:03  INFO      Progress: 125,000 streamed | 4,691 matched | 79 docs/sec
2026-04-26T05:41:05  INFO      Progress: 130,000 streamed | 4,892 matched | 79 docs/sec
2026-04-26T05:42:08  INFO      Progress: 135,000 streamed | 5,072 matched | 79 docs/sec
2026-04-26T05:43:11  INFO      Progress: 140,000 streamed | 5,250 matched | 79 docs/sec
2026-04-26T05:44:16  INFO      Progress: 145,000 streamed | 5,436 matched | 79 docs/sec
2026-04-26T05:45:20  INFO      Progress: 150,000 streamed | 5,604 matched | 79 docs/sec
2026-04-26T05:46:23  INFO      Progress: 155,000 streamed | 5,801 matched | 79 docs/sec
2026-04-26T05:47:26  INFO      Progress: 160,000 streamed | 5,980 matched | 79 docs/sec
2026-04-26T05:48:28  INFO      Progress: 165,000 streamed | 6,155 matched | 79 docs/sec
2026-04-26T05:49:28  INFO      Progress: 170,000 streamed | 6,319 matched | 79 docs/sec
2026-04-26T05:50:29  INFO      Progress: 175,000 streamed | 6,492 matched | 79 docs/sec
2026-04-26T05:51:32  INFO      Progress: 180,000 streamed | 6,673 matched | 79 docs/sec
2026-04-26T05:52:28  INFO      Progress: 185,000 streamed | 7,023 matched | 79 docs/sec
2026-04-26T05:53:06  INFO      Progress: 190,000 streamed | 7,230 matched | 80 docs/sec
2026-04-26T05:53:53  INFO      Progress: 195,000 streamed | 7,399 matched | 81 docs/sec
2026-04-26T05:54:21  INFO      Progress: 200,000 streamed | 7,558 matched | 82 docs/sec
2026-04-26T05:54:48  INFO      Progress: 205,000 streamed | 7,714 matched | 83 docs/sec
2026-04-26T05:55:11  INFO      Progress: 210,000 streamed | 7,893 matched | 84 docs/sec
2026-04-26T05:55:37  INFO      Progress: 215,000 streamed | 8,071 matched | 85 docs/sec
2026-04-26T05:56:01  INFO      Progress: 220,000 streamed | 8,218 matched | 86 docs/sec
2026-04-26T05:56:48  INFO      Progress: 225,000 streamed | 8,502 matched | 87 docs/sec
2026-04-26T05:58:50  INFO      Progress: 230,000 streamed | 8,773 matched | 85 docs/sec
2026-04-26T05:59:57  INFO      ============================================================
2026-04-26T05:59:57  INFO      COMPLETE
2026-04-26T05:59:57  INFO        Documents streamed (total):   232,560
2026-04-26T05:59:57  INFO        Documents fast-forwarded:     0
2026-04-26T05:59:57  INFO        Documents evaluated:          232,560
2026-04-26T05:59:57  INFO        IP documents matched:         8,900  (3.83%)
2026-04-26T05:59:57  INFO        Match reasons breakdown:
2026-04-26T05:59:57  INFO          body_concept              4,520
2026-04-26T05:59:57  INFO          body_act                  4,154
2026-04-26T05:59:57  INFO          metadata_act              226
2026-04-26T05:59:57  INFO        Wall time:                    46.4 min
2026-04-26T05:59:57  INFO        Output file:                  output/ip_docs.jsonl  (593.6 MB)
2026-04-26T05:59:57  INFO        Stats written to:             output/filter_stats.json
2026-04-26T05:59:57  INFO      ============================================================
2026-05-03T05:32:40  INFO      ============================================================
2026-05-03T05:32:40  INFO      filter_ip.py — Open Australian Legal Corpus IP filter
2026-05-03T05:32:40  INFO      Started at 2026-05-03T05:32:40.838296+00:00
2026-05-03T05:32:40  INFO      dry_run=False  resume=False
2026-05-03T05:32:42  INFO      Loading corpus stream (this may take a moment)…
2026-05-03T05:33:48  INFO      Progress: 5,000 streamed | 207 matched | 78 docs/sec
2026-05-03T05:34:53  INFO      Progress: 10,000 streamed | 410 matched | 78 docs/sec
2026-05-03T05:35:58  INFO      Progress: 15,000 streamed | 651 matched | 77 docs/sec
2026-05-03T05:37:00  INFO      Progress: 20,000 streamed | 841 matched | 78 docs/sec
2026-05-03T05:37:59  INFO      Progress: 25,000 streamed | 1,013 matched | 79 docs/sec
2026-05-03T05:38:59  INFO      Progress: 30,000 streamed | 1,204 matched | 80 docs/sec
2026-05-03T05:40:01  INFO      Progress: 35,000 streamed | 1,444 matched | 80 docs/sec
2026-05-03T05:41:03  INFO      Progress: 40,000 streamed | 1,662 matched | 80 docs/sec
2026-05-03T05:42:03  INFO      Progress: 45,000 streamed | 1,834 matched | 80 docs/sec
2026-05-03T05:43:04  INFO      Progress: 50,000 streamed | 2,010 matched | 81 docs/sec
2026-05-03T05:44:07  INFO      Progress: 55,000 streamed | 2,193 matched | 81 docs/sec
2026-05-03T05:45:07  INFO      Progress: 60,000 streamed | 2,392 matched | 81 docs/sec
2026-05-03T05:46:10  INFO      Progress: 65,000 streamed | 2,596 matched | 81 docs/sec
2026-05-03T05:47:10  INFO      Progress: 70,000 streamed | 2,805 matched | 81 docs/sec
2026-05-03T05:48:11  INFO      Progress: 75,000 streamed | 2,979 matched | 81 docs/sec
2026-05-03T05:49:12  INFO      Progress: 80,000 streamed | 3,181 matched | 81 docs/sec
2026-05-03T05:50:13  INFO      Progress: 85,000 streamed | 3,436 matched | 81 docs/sec
2026-05-03T05:51:15  INFO      Progress: 90,000 streamed | 3,584 matched | 81 docs/sec
2026-05-03T05:52:18  INFO      Progress: 95,000 streamed | 3,678 matched | 81 docs/sec
2026-05-03T05:53:21  INFO      Progress: 100,000 streamed | 3,776 matched | 81 docs/sec
2026-05-03T05:54:22  INFO      Progress: 105,000 streamed | 3,945 matched | 81 docs/sec
2026-05-03T05:55:23  INFO      Progress: 110,000 streamed | 4,170 matched | 81 docs/sec
2026-05-03T05:56:23  INFO      Progress: 115,000 streamed | 4,326 matched | 81 docs/sec
2026-05-03T05:57:23  INFO      Progress: 120,000 streamed | 4,515 matched | 81 docs/sec
2026-05-03T05:58:25  INFO      Progress: 125,000 streamed | 4,691 matched | 81 docs/sec
2026-05-03T05:59:25  INFO      Progress: 130,000 streamed | 4,892 matched | 81 docs/sec
2026-05-03T06:00:26  INFO      Progress: 135,000 streamed | 5,072 matched | 81 docs/sec
2026-05-03T06:01:26  INFO      Progress: 140,000 streamed | 5,250 matched | 81 docs/sec
2026-05-03T06:02:28  INFO      Progress: 145,000 streamed | 5,436 matched | 81 docs/sec
2026-05-03T06:03:30  INFO      Progress: 150,000 streamed | 5,604 matched | 81 docs/sec
2026-05-03T06:04:31  INFO      Progress: 155,000 streamed | 5,801 matched | 81 docs/sec
2026-05-03T06:05:32  INFO      Progress: 160,000 streamed | 5,980 matched | 81 docs/sec
2026-05-03T06:06:32  INFO      Progress: 165,000 streamed | 6,155 matched | 81 docs/sec
2026-05-03T06:07:31  INFO      Progress: 170,000 streamed | 6,319 matched | 81 docs/sec
2026-05-03T06:08:30  INFO      Progress: 175,000 streamed | 6,492 matched | 82 docs/sec
2026-05-03T06:09:29  INFO      Progress: 180,000 streamed | 6,673 matched | 82 docs/sec
2026-05-03T06:10:24  INFO      Progress: 185,000 streamed | 7,023 matched | 82 docs/sec
2026-05-03T06:11:00  INFO      Progress: 190,000 streamed | 7,230 matched | 83 docs/sec
2026-05-03T06:11:46  INFO      Progress: 195,000 streamed | 7,399 matched | 83 docs/sec
2026-05-03T06:12:12  INFO      Progress: 200,000 streamed | 7,558 matched | 84 docs/sec
2026-05-03T06:12:38  INFO      Progress: 205,000 streamed | 7,714 matched | 86 docs/sec
2026-05-03T06:13:01  INFO      Progress: 210,000 streamed | 7,893 matched | 87 docs/sec
2026-05-03T06:13:26  INFO      Progress: 215,000 streamed | 8,071 matched | 88 docs/sec
2026-05-03T06:13:49  INFO      Progress: 220,000 streamed | 8,218 matched | 89 docs/sec
2026-05-03T06:14:36  INFO      Progress: 225,000 streamed | 8,502 matched | 90 docs/sec
2026-05-03T06:16:33  INFO      Progress: 230,000 streamed | 8,773 matched | 87 docs/sec
2026-05-03T06:17:38  INFO      ============================================================
2026-05-03T06:17:38  INFO      COMPLETE
2026-05-03T06:17:38  INFO        Documents streamed (total):   232,560
2026-05-03T06:17:38  INFO        Documents fast-forwarded:     0
2026-05-03T06:17:38  INFO        Documents evaluated:          232,560
2026-05-03T06:17:38  INFO        IP documents matched:         8,900  (3.83%)
2026-05-03T06:17:38  INFO        Match reasons breakdown:
2026-05-03T06:17:38  INFO          body_concept              4,520
2026-05-03T06:17:38  INFO          body_act                  4,154
2026-05-03T06:17:38  INFO          metadata_act              226
2026-05-03T06:17:38  INFO        Wall time:                    44.9 min
2026-05-03T06:17:38  INFO        Output file:                  output/ip_docs.jsonl  (593.6 MB)
2026-05-03T06:17:38  INFO        Stats written to:             output/filter_stats.json
2026-05-03T06:17:38  INFO      ============================================================
2026-05-10T05:39:21  INFO      ============================================================
2026-05-10T05:39:21  INFO      filter_ip.py — Open Australian Legal Corpus IP filter
2026-05-10T05:39:21  INFO      Started at 2026-05-10T05:39:21.914630+00:00
2026-05-10T05:39:21  INFO      dry_run=False  resume=False
2026-05-10T05:39:23  INFO      Loading corpus stream (this may take a moment)…
2026-05-10T05:40:18  INFO      Progress: 5,000 streamed | 207 matched | 94 docs/sec
2026-05-10T05:41:11  INFO      Progress: 10,000 streamed | 410 matched | 93 docs/sec
2026-05-10T05:42:06  INFO      Progress: 15,000 streamed | 651 matched | 93 docs/sec
2026-05-10T05:42:58  INFO      Progress: 20,000 streamed | 841 matched | 94 docs/sec
2026-05-10T05:43:47  INFO      Progress: 25,000 streamed | 1,013 matched | 95 docs/sec
2026-05-10T05:44:36  INFO      Progress: 30,000 streamed | 1,204 matched | 96 docs/sec
2026-05-10T05:45:28  INFO      Progress: 35,000 streamed | 1,444 matched | 96 docs/sec
2026-05-10T05:46:20  INFO      Progress: 40,000 streamed | 1,662 matched | 96 docs/sec
2026-05-10T05:47:11  INFO      Progress: 45,000 streamed | 1,834 matched | 96 docs/sec
2026-05-10T05:48:02  INFO      Progress: 50,000 streamed | 2,010 matched | 97 docs/sec
2026-05-10T05:48:54  INFO      Progress: 55,000 streamed | 2,193 matched | 97 docs/sec
2026-05-10T05:49:44  INFO      Progress: 60,000 streamed | 2,392 matched | 97 docs/sec
2026-05-10T05:50:35  INFO      Progress: 65,000 streamed | 2,596 matched | 97 docs/sec
2026-05-10T05:51:26  INFO      Progress: 70,000 streamed | 2,805 matched | 97 docs/sec
2026-05-10T05:52:17  INFO      Progress: 75,000 streamed | 2,979 matched | 97 docs/sec
2026-05-10T05:53:08  INFO      Progress: 80,000 streamed | 3,181 matched | 97 docs/sec
2026-05-10T05:53:58  INFO      Progress: 85,000 streamed | 3,436 matched | 97 docs/sec
2026-05-10T05:54:49  INFO      Progress: 90,000 streamed | 3,584 matched | 97 docs/sec
2026-05-10T05:55:40  INFO      Progress: 95,000 streamed | 3,678 matched | 97 docs/sec
2026-05-10T05:56:32  INFO      Progress: 100,000 streamed | 3,776 matched | 97 docs/sec
2026-05-10T05:57:23  INFO      Progress: 105,000 streamed | 3,945 matched | 97 docs/sec
2026-05-10T05:58:14  INFO      Progress: 110,000 streamed | 4,170 matched | 97 docs/sec
2026-05-10T05:59:04  INFO      Progress: 115,000 streamed | 4,326 matched | 97 docs/sec
2026-05-10T05:59:53  INFO      Progress: 120,000 streamed | 4,515 matched | 98 docs/sec
2026-05-10T06:00:45  INFO      Progress: 125,000 streamed | 4,691 matched | 98 docs/sec
2026-05-10T06:01:35  INFO      Progress: 130,000 streamed | 4,892 matched | 98 docs/sec
2026-05-10T06:02:25  INFO      Progress: 135,000 streamed | 5,072 matched | 98 docs/sec
2026-05-10T06:03:16  INFO      Progress: 140,000 streamed | 5,250 matched | 98 docs/sec
2026-05-10T06:04:07  INFO      Progress: 145,000 streamed | 5,436 matched | 98 docs/sec
2026-05-10T06:04:59  INFO      Progress: 150,000 streamed | 5,604 matched | 98 docs/sec
2026-05-10T06:05:50  INFO      Progress: 155,000 streamed | 5,801 matched | 98 docs/sec
2026-05-10T06:06:41  INFO      Progress: 160,000 streamed | 5,980 matched | 98 docs/sec
2026-05-10T06:07:30  INFO      Progress: 165,000 streamed | 6,155 matched | 98 docs/sec
2026-05-10T06:08:19  INFO      Progress: 170,000 streamed | 6,319 matched | 98 docs/sec
2026-05-10T06:09:09  INFO      Progress: 175,000 streamed | 6,492 matched | 98 docs/sec
2026-05-10T06:09:59  INFO      Progress: 180,000 streamed | 6,673 matched | 98 docs/sec
2026-05-10T06:10:44  INFO      Progress: 185,000 streamed | 7,023 matched | 98 docs/sec
2026-05-10T06:11:15  INFO      Progress: 190,000 streamed | 7,230 matched | 99 docs/sec
2026-05-10T06:11:53  INFO      Progress: 195,000 streamed | 7,399 matched | 100 docs/sec
2026-05-10T06:12:15  INFO      Progress: 200,000 streamed | 7,558 matched | 101 docs/sec
2026-05-10T06:12:37  INFO      Progress: 205,000 streamed | 7,714 matched | 103 docs/sec
2026-05-10T06:12:56  INFO      Progress: 210,000 streamed | 7,893 matched | 104 docs/sec
2026-05-10T06:13:17  INFO      Progress: 215,000 streamed | 8,071 matched | 106 docs/sec
2026-05-10T06:13:36  INFO      Progress: 220,000 streamed | 8,218 matched | 107 docs/sec
2026-05-10T06:14:14  INFO      Progress: 225,000 streamed | 8,502 matched | 108 docs/sec
2026-05-10T06:15:51  INFO      Progress: 230,000 streamed | 8,773 matched | 105 docs/sec
2026-05-10T06:16:44  INFO      ============================================================
2026-05-10T06:16:44  INFO      COMPLETE
2026-05-10T06:16:44  INFO        Documents streamed (total):   232,560
2026-05-10T06:16:44  INFO        Documents fast-forwarded:     0
2026-05-10T06:16:44  INFO        Documents evaluated:          232,560
2026-05-10T06:16:44  INFO        IP documents matched:         8,900  (3.83%)
2026-05-10T06:16:44  INFO        Match reasons breakdown:
2026-05-10T06:16:44  INFO          body_concept              4,520
2026-05-10T06:16:44  INFO          body_act                  4,154
2026-05-10T06:16:44  INFO          metadata_act              226
2026-05-10T06:16:44  INFO        Wall time:                    37.3 min
2026-05-10T06:16:44  INFO        Output file:                  output/ip_docs.jsonl  (593.6 MB)
2026-05-10T06:16:44  INFO        Stats written to:             output/filter_stats.json
2026-05-10T06:16:44  INFO      ============================================================
2026-05-17T05:50:59  INFO      ============================================================
2026-05-17T05:50:59  INFO      filter_ip.py — Open Australian Legal Corpus IP filter
2026-05-17T05:50:59  INFO      Started at 2026-05-17T05:50:59.228070+00:00
2026-05-17T05:50:59  INFO      dry_run=False  resume=False
2026-05-17T05:51:01  INFO      Loading corpus stream (this may take a moment)…
2026-05-17T05:52:32  INFO      Progress: 5,000 streamed | 207 matched | 55 docs/sec
2026-05-17T05:53:54  INFO      Progress: 10,000 streamed | 410 matched | 58 docs/sec
2026-05-17T05:54:58  INFO      Progress: 15,000 streamed | 651 matched | 64 docs/sec
2026-05-17T05:56:00  INFO      Progress: 20,000 streamed | 841 matched | 67 docs/sec
2026-05-17T05:56:56  INFO      Progress: 25,000 streamed | 1,013 matched | 71 docs/sec
2026-05-17T05:57:54  INFO      Progress: 30,000 streamed | 1,204 matched | 73 docs/sec
2026-05-17T05:58:54  INFO      Progress: 35,000 streamed | 1,444 matched | 74 docs/sec
2026-05-17T05:59:53  INFO      Progress: 40,000 streamed | 1,662 matched | 75 docs/sec
2026-05-17T06:00:52  INFO      Progress: 45,000 streamed | 1,834 matched | 76 docs/sec
2026-05-17T06:01:50  INFO      Progress: 50,000 streamed | 2,010 matched | 77 docs/sec
2026-05-17T06:02:51  INFO      Progress: 55,000 streamed | 2,193 matched | 78 docs/sec
2026-05-17T06:03:50  INFO      Progress: 60,000 streamed | 2,392 matched | 78 docs/sec
2026-05-17T06:04:49  INFO      Progress: 65,000 streamed | 2,596 matched | 78 docs/sec
2026-05-17T06:06:22  INFO      Progress: 70,000 streamed | 2,805 matched | 76 docs/sec
2026-05-17T06:08:21  INFO      Progress: 75,000 streamed | 2,979 matched | 72 docs/sec
2026-05-17T06:09:37  INFO      Progress: 80,000 streamed | 3,181 matched | 72 docs/sec
2026-05-17T06:10:36  INFO      Progress: 85,000 streamed | 3,436 matched | 72 docs/sec
2026-05-17T06:11:38  INFO      Progress: 90,000 streamed | 3,584 matched | 73 docs/sec
2026-05-17T06:12:38  INFO      Progress: 95,000 streamed | 3,678 matched | 73 docs/sec
2026-05-17T06:14:05  INFO      Progress: 100,000 streamed | 3,776 matched | 72 docs/sec
2026-05-17T06:15:56  INFO      Progress: 105,000 streamed | 3,945 matched | 70 docs/sec
2026-05-17T06:17:47  INFO      Progress: 110,000 streamed | 4,170 matched | 69 docs/sec
2026-05-17T06:19:32  INFO      Progress: 115,000 streamed | 4,326 matched | 67 docs/sec
2026-05-17T06:20:48  INFO      Progress: 120,000 streamed | 4,515 matched | 67 docs/sec
2026-05-17T06:21:56  INFO      Progress: 125,000 streamed | 4,691 matched | 67 docs/sec
2026-05-17T06:23:51  INFO      Progress: 130,000 streamed | 4,892 matched | 66 docs/sec
2026-05-17T06:24:50  INFO      Progress: 135,000 streamed | 5,072 matched | 67 docs/sec
2026-05-17T06:25:48  INFO      Progress: 140,000 streamed | 5,250 matched | 67 docs/sec
2026-05-17T06:26:49  INFO      Progress: 145,000 streamed | 5,436 matched | 68 docs/sec
2026-05-17T06:27:49  INFO      Progress: 150,000 streamed | 5,604 matched | 68 docs/sec
2026-05-17T06:28:48  INFO      Progress: 155,000 streamed | 5,801 matched | 68 docs/sec
2026-05-17T06:30:29  INFO      Progress: 160,000 streamed | 5,980 matched | 68 docs/sec
2026-05-17T06:31:51  INFO      Progress: 165,000 streamed | 6,155 matched | 67 docs/sec
2026-05-17T06:32:48  INFO      Progress: 170,000 streamed | 6,319 matched | 68 docs/sec
2026-05-17T06:34:22  INFO      Progress: 175,000 streamed | 6,492 matched | 67 docs/sec
2026-05-17T06:35:19  INFO      Progress: 180,000 streamed | 6,673 matched | 68 docs/sec
2026-05-17T06:36:11  INFO      Progress: 185,000 streamed | 7,023 matched | 68 docs/sec
2026-05-17T06:37:04  INFO      Progress: 190,000 streamed | 7,230 matched | 69 docs/sec
2026-05-17T06:38:31  INFO      Progress: 195,000 streamed | 7,399 matched | 68 docs/sec
2026-05-17T06:39:19  INFO      Progress: 200,000 streamed | 7,558 matched | 69 docs/sec
2026-05-17T06:39:58  INFO      Progress: 205,000 streamed | 7,714 matched | 70 docs/sec
2026-05-17T06:40:20  INFO      Progress: 210,000 streamed | 7,893 matched | 71 docs/sec
2026-05-17T06:40:44  INFO      Progress: 215,000 streamed | 8,071 matched | 72 docs/sec
2026-05-17T06:41:17  INFO      Progress: 220,000 streamed | 8,218 matched | 73 docs/sec
2026-05-17T06:42:01  INFO      Progress: 225,000 streamed | 8,502 matched | 74 docs/sec
2026-05-17T06:43:53  INFO      Progress: 230,000 streamed | 8,773 matched | 73 docs/sec
2026-05-17T06:44:54  INFO      ============================================================
2026-05-17T06:44:54  INFO      COMPLETE
2026-05-17T06:44:54  INFO        Documents streamed (total):   232,560
2026-05-17T06:44:54  INFO        Documents fast-forwarded:     0
2026-05-17T06:44:54  INFO        Documents evaluated:          232,560
2026-05-17T06:44:54  INFO        IP documents matched:         8,900  (3.83%)
2026-05-17T06:44:54  INFO        Match reasons breakdown:
2026-05-17T06:44:54  INFO          body_concept              4,520
2026-05-17T06:44:54  INFO          body_act                  4,154
2026-05-17T06:44:54  INFO          metadata_act              226
2026-05-17T06:44:54  INFO        Wall time:                    53.9 min
2026-05-17T06:44:54  INFO        Output file:                  output/ip_docs.jsonl  (593.6 MB)
2026-05-17T06:44:54  INFO        Stats written to:             output/filter_stats.json
2026-05-17T06:44:54  INFO      ============================================================
2026-05-24T06:03:43  INFO      ============================================================
2026-05-24T06:03:43  INFO      filter_ip.py — Open Australian Legal Corpus IP filter
2026-05-24T06:03:43  INFO      Started at 2026-05-24T06:03:43.742264+00:00
2026-05-24T06:03:43  INFO      dry_run=False  resume=False
2026-05-24T06:03:46  INFO      Loading corpus stream (this may take a moment)…
2026-05-24T06:04:30  INFO      Progress: 5,000 streamed | 207 matched | 117 docs/sec
2026-05-24T06:05:13  INFO      Progress: 10,000 streamed | 410 matched | 116 docs/sec
2026-05-24T06:05:57  INFO      Progress: 15,000 streamed | 651 matched | 115 docs/sec
2026-05-24T06:06:39  INFO      Progress: 20,000 streamed | 841 matched | 116 docs/sec
2026-05-24T06:07:18  INFO      Progress: 25,000 streamed | 1,013 matched | 118 docs/sec
2026-05-24T06:07:57  INFO      Progress: 30,000 streamed | 1,204 matched | 120 docs/sec
2026-05-24T06:08:38  INFO      Progress: 35,000 streamed | 1,444 matched | 120 docs/sec
2026-05-24T06:09:19  INFO      Progress: 40,000 streamed | 1,662 matched | 120 docs/sec
2026-05-24T06:09:59  INFO      Progress: 45,000 streamed | 1,834 matched | 121 docs/sec
2026-05-24T06:10:38  INFO      Progress: 50,000 streamed | 2,010 matched | 121 docs/sec
2026-05-24T06:11:21  INFO      Progress: 55,000 streamed | 2,193 matched | 121 docs/sec
2026-05-24T06:12:00  INFO      Progress: 60,000 streamed | 2,392 matched | 122 docs/sec
2026-05-24T06:12:41  INFO      Progress: 65,000 streamed | 2,596 matched | 122 docs/sec
2026-05-24T06:13:22  INFO      Progress: 70,000 streamed | 2,805 matched | 122 docs/sec
2026-05-24T06:14:03  INFO      Progress: 75,000 streamed | 2,979 matched | 122 docs/sec
2026-05-24T06:14:43  INFO      Progress: 80,000 streamed | 3,181 matched | 122 docs/sec
2026-05-24T06:15:23  INFO      Progress: 85,000 streamed | 3,436 matched | 122 docs/sec
2026-05-24T06:16:04  INFO      Progress: 90,000 streamed | 3,584 matched | 122 docs/sec
2026-05-24T06:16:45  INFO      Progress: 95,000 streamed | 3,678 matched | 122 docs/sec
2026-05-24T06:17:27  INFO      Progress: 100,000 streamed | 3,776 matched | 122 docs/sec
2026-05-24T06:18:06  INFO      Progress: 105,000 streamed | 3,945 matched | 122 docs/sec
2026-05-24T06:18:46  INFO      Progress: 110,000 streamed | 4,170 matched | 122 docs/sec
2026-05-24T06:19:26  INFO      Progress: 115,000 streamed | 4,326 matched | 123 docs/sec
2026-05-24T06:20:05  INFO      Progress: 120,000 streamed | 4,515 matched | 123 docs/sec
2026-05-24T06:20:46  INFO      Progress: 125,000 streamed | 4,691 matched | 123 docs/sec
2026-05-24T06:21:25  INFO      Progress: 130,000 streamed | 4,892 matched | 123 docs/sec
2026-05-24T06:22:06  INFO      Progress: 135,000 streamed | 5,072 matched | 123 docs/sec
2026-05-24T06:22:46  INFO      Progress: 140,000 streamed | 5,250 matched | 123 docs/sec
2026-05-24T06:23:27  INFO      Progress: 145,000 streamed | 5,436 matched | 123 docs/sec
2026-05-24T06:24:08  INFO      Progress: 150,000 streamed | 5,604 matched | 123 docs/sec
2026-05-24T06:24:49  INFO      Progress: 155,000 streamed | 5,801 matched | 123 docs/sec
2026-05-24T06:25:29  INFO      Progress: 160,000 streamed | 5,980 matched | 123 docs/sec
2026-05-24T06:26:08  INFO      Progress: 165,000 streamed | 6,155 matched | 123 docs/sec
2026-05-24T06:26:47  INFO      Progress: 170,000 streamed | 6,319 matched | 123 docs/sec
2026-05-24T06:27:26  INFO      Progress: 175,000 streamed | 6,492 matched | 123 docs/sec
2026-05-24T06:28:06  INFO      Progress: 180,000 streamed | 6,673 matched | 123 docs/sec
2026-05-24T06:28:42  INFO      Progress: 185,000 streamed | 7,023 matched | 124 docs/sec
2026-05-24T06:29:07  INFO      Progress: 190,000 streamed | 7,230 matched | 125 docs/sec
2026-05-24T06:29:38  INFO      Progress: 195,000 streamed | 7,399 matched | 126 docs/sec
2026-05-24T06:29:54  INFO      Progress: 200,000 streamed | 7,558 matched | 128 docs/sec
2026-05-24T06:30:12  INFO      Progress: 205,000 streamed | 7,714 matched | 129 docs/sec
2026-05-24T06:30:27  INFO      Progress: 210,000 streamed | 7,893 matched | 131 docs/sec
2026-05-24T06:30:44  INFO      Progress: 215,000 streamed | 8,071 matched | 133 docs/sec
2026-05-24T06:30:58  INFO      Progress: 220,000 streamed | 8,218 matched | 135 docs/sec
2026-05-24T06:31:29  INFO      Progress: 225,000 streamed | 8,502 matched | 135 docs/sec
2026-05-24T06:32:46  INFO      Progress: 230,000 streamed | 8,773 matched | 132 docs/sec
2026-05-24T06:33:28  INFO      ============================================================
2026-05-24T06:33:28  INFO      COMPLETE
2026-05-24T06:33:28  INFO        Documents streamed (total):   232,560
2026-05-24T06:33:28  INFO        Documents fast-forwarded:     0
2026-05-24T06:33:28  INFO        Documents evaluated:          232,560
2026-05-24T06:33:28  INFO        IP documents matched:         8,900  (3.83%)
2026-05-24T06:33:28  INFO        Match reasons breakdown:
2026-05-24T06:33:28  INFO          body_concept              4,520
2026-05-24T06:33:28  INFO          body_act                  4,154
2026-05-24T06:33:28  INFO          metadata_act              226
2026-05-24T06:33:28  INFO        Wall time:                    29.7 min
2026-05-24T06:33:28  INFO        Output file:                  output/ip_docs.jsonl  (593.6 MB)
2026-05-24T06:33:28  INFO        Stats written to:             output/filter_stats.json
2026-05-24T06:33:28  INFO      ============================================================
2026-05-31T06:21:24  INFO      ============================================================
2026-05-31T06:21:24  INFO      filter_ip.py — Open Australian Legal Corpus IP filter
2026-05-31T06:21:24  INFO      Started at 2026-05-31T06:21:24.245563+00:00
2026-05-31T06:21:24  INFO      dry_run=False  resume=False
2026-05-31T06:21:26  INFO      Loading corpus stream (this may take a moment)…
2026-05-31T06:22:28  INFO      Progress: 5,000 streamed | 207 matched | 81 docs/sec
2026-05-31T06:23:30  INFO      Progress: 10,000 streamed | 410 matched | 81 docs/sec
2026-05-31T06:24:33  INFO      Progress: 15,000 streamed | 651 matched | 80 docs/sec
2026-05-31T06:25:33  INFO      Progress: 20,000 streamed | 841 matched | 81 docs/sec
2026-05-31T06:26:29  INFO      Progress: 25,000 streamed | 1,013 matched | 82 docs/sec
2026-05-31T06:27:26  INFO      Progress: 30,000 streamed | 1,204 matched | 83 docs/sec
2026-05-31T06:28:26  INFO      Progress: 35,000 streamed | 1,444 matched | 83 docs/sec
2026-05-31T06:29:25  INFO      Progress: 40,000 streamed | 1,662 matched | 84 docs/sec
2026-05-31T06:30:23  INFO      Progress: 45,000 streamed | 1,834 matched | 84 docs/sec
2026-05-31T06:31:21  INFO      Progress: 50,000 streamed | 2,010 matched | 84 docs/sec
2026-05-31T06:32:21  INFO      Progress: 55,000 streamed | 2,193 matched | 84 docs/sec
2026-05-31T06:33:19  INFO      Progress: 60,000 streamed | 2,392 matched | 84 docs/sec
2026-05-31T06:34:19  INFO      Progress: 65,000 streamed | 2,596 matched | 84 docs/sec
2026-05-31T06:35:17  INFO      Progress: 70,000 streamed | 2,805 matched | 84 docs/sec
2026-05-31T06:36:15  INFO      Progress: 75,000 streamed | 2,979 matched | 84 docs/sec
2026-05-31T06:37:14  INFO      Progress: 80,000 streamed | 3,181 matched | 84 docs/sec
2026-05-31T06:38:13  INFO      Progress: 85,000 streamed | 3,436 matched | 84 docs/sec
2026-05-31T06:39:11  INFO      Progress: 90,000 streamed | 3,584 matched | 84 docs/sec
2026-05-31T06:40:11  INFO      Progress: 95,000 streamed | 3,678 matched | 84 docs/sec
2026-05-31T06:41:11  INFO      Progress: 100,000 streamed | 3,776 matched | 84 docs/sec
2026-05-31T06:42:10  INFO      Progress: 105,000 streamed | 3,945 matched | 84 docs/sec
2026-05-31T06:43:09  INFO      Progress: 110,000 streamed | 4,170 matched | 84 docs/sec
2026-05-31T06:44:07  INFO      Progress: 115,000 streamed | 4,326 matched | 84 docs/sec
2026-05-31T06:45:05  INFO      Progress: 120,000 streamed | 4,515 matched | 85 docs/sec
2026-05-31T06:46:05  INFO      Progress: 125,000 streamed | 4,691 matched | 85 docs/sec
2026-05-31T06:47:03  INFO      Progress: 130,000 streamed | 4,892 matched | 85 docs/sec
2026-05-31T06:48:02  INFO      Progress: 135,000 streamed | 5,072 matched | 85 docs/sec
2026-05-31T06:49:01  INFO      Progress: 140,000 streamed | 5,250 matched | 85 docs/sec
2026-05-31T06:50:01  INFO      Progress: 145,000 streamed | 5,436 matched | 85 docs/sec
2026-05-31T06:51:01  INFO      Progress: 150,000 streamed | 5,604 matched | 85 docs/sec
2026-05-31T06:52:00  INFO      Progress: 155,000 streamed | 5,801 matched | 85 docs/sec
2026-05-31T06:52:59  INFO      Progress: 160,000 streamed | 5,980 matched | 85 docs/sec
2026-05-31T06:53:57  INFO      Progress: 165,000 streamed | 6,155 matched | 85 docs/sec
2026-05-31T06:54:54  INFO      Progress: 170,000 streamed | 6,319 matched | 85 docs/sec
2026-05-31T06:55:52  INFO      Progress: 175,000 streamed | 6,492 matched | 85 docs/sec
2026-05-31T06:56:49  INFO      Progress: 180,000 streamed | 6,673 matched | 85 docs/sec
2026-05-31T06:57:42  INFO      Progress: 185,000 streamed | 7,023 matched | 85 docs/sec
2026-05-31T06:58:17  INFO      Progress: 190,000 streamed | 7,230 matched | 86 docs/sec
2026-05-31T06:59:01  INFO      Progress: 195,000 streamed | 7,399 matched | 86 docs/sec
2026-05-31T06:59:26  INFO      Progress: 200,000 streamed | 7,558 matched | 88 docs/sec
2026-05-31T06:59:52  INFO      Progress: 205,000 streamed | 7,714 matched | 89 docs/sec
2026-05-31T07:00:14  INFO      Progress: 210,000 streamed | 7,893 matched | 90 docs/sec
2026-05-31T07:00:38  INFO      Progress: 215,000 streamed | 8,071 matched | 91 docs/sec
2026-05-31T07:01:01  INFO      Progress: 220,000 streamed | 8,218 matched | 93 docs/sec
2026-05-31T07:01:46  INFO      Progress: 225,000 streamed | 8,502 matched | 93 docs/sec
2026-05-31T07:03:38  INFO      Progress: 230,000 streamed | 8,773 matched | 91 docs/sec
2026-05-31T07:04:40  INFO      ============================================================
2026-05-31T07:04:40  INFO      COMPLETE
2026-05-31T07:04:40  INFO        Documents streamed (total):   232,560
2026-05-31T07:04:40  INFO        Documents fast-forwarded:     0
2026-05-31T07:04:40  INFO        Documents evaluated:          232,560
2026-05-31T07:04:40  INFO        IP documents matched:         8,900  (3.83%)
2026-05-31T07:04:40  INFO        Match reasons breakdown:
2026-05-31T07:04:40  INFO          body_concept              4,520
2026-05-31T07:04:40  INFO          body_act                  4,154
2026-05-31T07:04:40  INFO          metadata_act              226
2026-05-31T07:04:40  INFO        Wall time:                    43.2 min
2026-05-31T07:04:40  INFO        Output file:                  output/ip_docs.jsonl  (593.6 MB)
2026-05-31T07:04:40  INFO        Stats written to:             output/filter_stats.json
2026-05-31T07:04:40  INFO      ============================================================
2026-06-07T06:26:50  INFO      ============================================================
2026-06-07T06:26:50  INFO      filter_ip.py — Open Australian Legal Corpus IP filter
2026-06-07T06:26:50  INFO      Started at 2026-06-07T06:26:50.752889+00:00
2026-06-07T06:26:50  INFO      dry_run=False  resume=False
2026-06-07T06:26:52  INFO      Loading corpus stream (this may take a moment)…
2026-06-07T06:27:54  INFO      Progress: 5,000 streamed | 207 matched | 81 docs/sec
2026-06-07T06:28:55  INFO      Progress: 10,000 streamed | 410 matched | 81 docs/sec
2026-06-07T06:29:59  INFO      Progress: 15,000 streamed | 651 matched | 80 docs/sec
2026-06-07T06:30:59  INFO      Progress: 20,000 streamed | 841 matched | 81 docs/sec
2026-06-07T06:31:56  INFO      Progress: 25,000 streamed | 1,013 matched | 82 docs/sec
2026-06-07T06:32:53  INFO      Progress: 30,000 streamed | 1,204 matched | 83 docs/sec
2026-06-07T06:33:53  INFO      Progress: 35,000 streamed | 1,444 matched | 83 docs/sec
2026-06-07T06:34:52  INFO      Progress: 40,000 streamed | 1,662 matched | 83 docs/sec
2026-06-07T06:35:52  INFO      Progress: 45,000 streamed | 1,834 matched | 83 docs/sec
2026-06-07T06:36:51  INFO      Progress: 50,000 streamed | 2,010 matched | 84 docs/sec
2026-06-07T06:37:50  INFO      Progress: 55,000 streamed | 2,193 matched | 84 docs/sec
2026-06-07T06:38:48  INFO      Progress: 60,000 streamed | 2,392 matched | 84 docs/sec
2026-06-07T06:39:49  INFO      Progress: 65,000 streamed | 2,596 matched | 84 docs/sec
2026-06-07T06:40:47  INFO      Progress: 70,000 streamed | 2,805 matched | 84 docs/sec
2026-06-07T06:41:46  INFO      Progress: 75,000 streamed | 2,979 matched | 84 docs/sec
2026-06-07T06:42:45  INFO      Progress: 80,000 streamed | 3,181 matched | 84 docs/sec
2026-06-07T06:43:43  INFO      Progress: 85,000 streamed | 3,436 matched | 84 docs/sec
2026-06-07T06:44:42  INFO      Progress: 90,000 streamed | 3,584 matched | 84 docs/sec
2026-06-07T06:45:41  INFO      Progress: 95,000 streamed | 3,678 matched | 84 docs/sec
2026-06-07T06:46:41  INFO      Progress: 100,000 streamed | 3,776 matched | 84 docs/sec
2026-06-07T06:47:39  INFO      Progress: 105,000 streamed | 3,945 matched | 84 docs/sec
2026-06-07T06:48:38  INFO      Progress: 110,000 streamed | 4,170 matched | 84 docs/sec
2026-06-07T06:49:36  INFO      Progress: 115,000 streamed | 4,326 matched | 84 docs/sec
2026-06-07T06:50:33  INFO      Progress: 120,000 streamed | 4,515 matched | 84 docs/sec
2026-06-07T06:51:33  INFO      Progress: 125,000 streamed | 4,691 matched | 84 docs/sec
2026-06-07T06:52:32  INFO      Progress: 130,000 streamed | 4,892 matched | 84 docs/sec
2026-06-07T06:53:31  INFO      Progress: 135,000 streamed | 5,072 matched | 84 docs/sec
2026-06-07T06:54:30  INFO      Progress: 140,000 streamed | 5,250 matched | 84 docs/sec
2026-06-07T06:55:30  INFO      Progress: 145,000 streamed | 5,436 matched | 84 docs/sec
2026-06-07T06:56:31  INFO      Progress: 150,000 streamed | 5,604 matched | 84 docs/sec
2026-06-07T06:57:30  INFO      Progress: 155,000 streamed | 5,801 matched | 84 docs/sec
2026-06-07T06:58:29  INFO      Progress: 160,000 streamed | 5,980 matched | 84 docs/sec
2026-06-07T06:59:27  INFO      Progress: 165,000 streamed | 6,155 matched | 84 docs/sec
2026-06-07T07:00:23  INFO      Progress: 170,000 streamed | 6,319 matched | 85 docs/sec
2026-06-07T07:01:20  INFO      Progress: 175,000 streamed | 6,492 matched | 85 docs/sec
2026-06-07T07:02:16  INFO      Progress: 180,000 streamed | 6,673 matched | 85 docs/sec
2026-06-07T07:03:08  INFO      Progress: 185,000 streamed | 7,023 matched | 85 docs/sec
2026-06-07T07:03:42  INFO      Progress: 190,000 streamed | 7,230 matched | 86 docs/sec
2026-06-07T07:04:26  INFO      Progress: 195,000 streamed | 7,399 matched | 87 docs/sec
2026-06-07T07:04:50  INFO      Progress: 200,000 streamed | 7,558 matched | 88 docs/sec
2026-06-07T07:05:15  INFO      Progress: 205,000 streamed | 7,714 matched | 89 docs/sec
2026-06-07T07:05:37  INFO      Progress: 210,000 streamed | 7,893 matched | 90 docs/sec
2026-06-07T07:06:01  INFO      Progress: 215,000 streamed | 8,071 matched | 92 docs/sec
2026-06-07T07:06:22  INFO      Progress: 220,000 streamed | 8,218 matched | 93 docs/sec
2026-06-07T07:07:06  INFO      Progress: 225,000 streamed | 8,502 matched | 93 docs/sec
2026-06-07T07:08:57  INFO      Progress: 230,000 streamed | 8,773 matched | 91 docs/sec
2026-06-07T07:09:58  INFO      ============================================================
2026-06-07T07:09:58  INFO      COMPLETE
2026-06-07T07:09:58  INFO        Documents streamed (total):   232,560
2026-06-07T07:09:58  INFO        Documents fast-forwarded:     0
2026-06-07T07:09:58  INFO        Documents evaluated:          232,560
2026-06-07T07:09:58  INFO        IP documents matched:         8,900  (3.83%)
2026-06-07T07:09:58  INFO        Match reasons breakdown:
2026-06-07T07:09:58  INFO          body_concept              4,520
2026-06-07T07:09:58  INFO          body_act                  4,154
2026-06-07T07:09:58  INFO          metadata_act              226
2026-06-07T07:09:58  INFO        Wall time:                    43.1 min
2026-06-07T07:09:58  INFO        Output file:                  output/ip_docs.jsonl  (593.6 MB)
2026-06-07T07:09:58  INFO        Stats written to:             output/filter_stats.json
2026-06-07T07:09:58  INFO      ============================================================
